#
# An unexpected error has been detected by Java Runtime Environment:
#
#  EXCEPTION_ACCESS_VIOLATION (0xc0000005) at pc=0x00000000, pid=5164, tid=1696
#
# Java VM: Java HotSpot(TM) Client VM (11.3-b02 mixed mode windows-x86)
# Problematic frame:
# C  0x00000000
#
# If you would like to submit a bug report, please visit:
#   http://java.sun.com/webapps/bugreport/crash.jsp
# The crash happened outside the Java Virtual Machine in native code.
# See problematic frame for where to report the bug.
#

---------------  T H R E A D  ---------------

Current thread (0x0bdf1000):  JavaThread "AWT-Windows" daemon [_thread_in_native, id=1696, stack(0x0c1e0000,0x0c230000)]

siginfo: ExceptionCode=0xc0000005, reading address 0x00000000

Registers:
EAX=0x0c22e32c, EBX=0x76c12a49, ECX=0x0be191f8, EDX=0x0be600b8
ESP=0x0c22df70, EBP=0x00000000, ESI=0x0be19030, EDI=0x0000002b
EIP=0x00000000, EFLAGS=0x00010202

Top of Stack: (sp=0x0c22df70)
0x0c22df70:   6d11ed99 0c22e32c 0be19030 6d1267e3
0x0c22df80:   00000000 0c22e32c 0c22e064 000707ee
0x0c22df90:   0c22dfe8 00000000 00000001 000707ee
0x0c22dfa0:   00000000 0c22df94 00000000 0bdf1114
0x0c22dfb0:   0c22dfdc 6d16e5c8 00000000 6d11d8eb
0x0c22dfc0:   0000002b 00000000 0c22e32c 0c22e064
0x0c22dfd0:   0000002b 00000000 0c22dfcc 0c22e07c
0x0c22dfe0:   6d16e330 00000000 0c22e014 7595c4f7 

Instructions: (pc=0x00000000)
0xfffffff0:   


Stack: [0x0c1e0000,0x0c230000],  sp=0x0c22df70,  free space=311k
Java frames: (J=compiled Java code, j=interpreted, Vv=VM code)
j  sun.awt.windows.WToolkit.eventLoop()V+0
j  sun.awt.windows.WToolkit.run()V+69
j  java.lang.Thread.run()V+11
v  ~StubRoutines::call_stub

---------------  P R O C E S S  ---------------

Java Threads: ( => current thread )
  0x0bf3b400 JavaThread "Thread-1" daemon [_thread_in_native, id=6468, stack(0x0c8f0000,0x0c940000)]
  0x0bee9000 JavaThread "D3D Screen Updater" daemon [_thread_in_native, id=8032, stack(0x0cf00000,0x0cf50000)]
  0x00259000 JavaThread "DestroyJavaVM" [_thread_blocked, id=7084, stack(0x00370000,0x003c0000)]
  0x0be19c00 JavaThread "AWT-EventQueue-0" [_thread_blocked, id=5460, stack(0x0ceb0000,0x0cf00000)]
=>0x0bdf1000 JavaThread "AWT-Windows" daemon [_thread_in_native, id=1696, stack(0x0c1e0000,0x0c230000)]
  0x0bdf0800 JavaThread "AWT-Shutdown" [_thread_blocked, id=5088, stack(0x0c190000,0x0c1e0000)]
  0x0bdc9800 JavaThread "Java2D Disposer" daemon [_thread_blocked, id=6664, stack(0x0bff0000,0x0c040000)]
  0x01b9b000 JavaThread "Low Memory Detector" daemon [_thread_blocked, id=5824, stack(0x0bd00000,0x0bd50000)]
  0x01b96000 JavaThread "CompilerThread0" daemon [_thread_blocked, id=8036, stack(0x0bcb0000,0x0bd00000)]
  0x01b91c00 JavaThread "Attach Listener" daemon [_thread_blocked, id=5324, stack(0x0bc60000,0x0bcb0000)]
  0x01b62000 JavaThread "Signal Dispatcher" daemon [_thread_blocked, id=3908, stack(0x0bc10000,0x0bc60000)]
  0x01b50c00 JavaThread "Finalizer" daemon [_thread_blocked, id=5888, stack(0x0bbc0000,0x0bc10000)]
  0x01b4c400 JavaThread "Reference Handler" daemon [_thread_blocked, id=1508, stack(0x012a0000,0x012f0000)]

Other Threads:
  0x01b49000 VMThread [stack: 0x01250000,0x012a0000] [id=2736]
  0x01b9b400 WatcherThread [stack: 0x0bd50000,0x0bda0000] [id=7172]

VM state:not at safepoint (normal execution)

VM Mutex/Monitor currently owned by a thread: None

Heap
 def new generation   total 1024K, used 452K [0x03bc0000, 0x03cd0000, 0x040a0000)
  eden space 960K,  46% used [0x03bc0000, 0x03c2e910, 0x03cb0000)
  from space 64K,  15% used [0x03cc0000, 0x03cc2728, 0x03cd0000)
  to   space 64K,   0% used [0x03cb0000, 0x03cb0000, 0x03cc0000)
 tenured generation   total 18900K, used 14038K [0x040a0000, 0x05315000, 0x07bc0000)
   the space 18900K,  74% used [0x040a0000, 0x04e55b40, 0x04e55c00, 0x05315000)
 compacting perm gen  total 12288K, used 7129K [0x07bc0000, 0x087c0000, 0x0bbc0000)
   the space 12288K,  58% used [0x07bc0000, 0x082b6440, 0x082b6600, 0x087c0000)
No shared spaces configured.

Dynamic libraries:
0x00400000 - 0x00424000 	D:\myeclipse9\Common\binary\com.sun.java.jdk.win32.x86_1.6.0.013\bin\javaw.exe
0x77670000 - 0x777b1000 	C:\Windows\SYSTEM32\ntdll.dll
0x76bd0000 - 0x76ca4000 	C:\Windows\system32\kernel32.dll
0x75740000 - 0x7578b000 	C:\Windows\system32\KERNELBASE.dll
0x77000000 - 0x770a1000 	C:\Windows\system32\ADVAPI32.dll
0x76f50000 - 0x76ffc000 	C:\Windows\system32\msvcrt.dll
0x77830000 - 0x77849000 	C:\Windows\SYSTEM32\sechost.dll
0x76ea0000 - 0x76f42000 	C:\Windows\system32\RPCRT4.dll
0x75940000 - 0x75a09000 	C:\Windows\system32\USER32.dll
0x75b80000 - 0x75bce000 	C:\Windows\system32\GDI32.dll
0x77850000 - 0x7785a000 	C:\Windows\system32\LPK.dll
0x76a90000 - 0x76b2d000 	C:\Windows\system32\USP10.dll
0x76e30000 - 0x76e4f000 	C:\Windows\system32\IMM32.DLL
0x770b0000 - 0x7717c000 	C:\Windows\system32\MSCTF.dll
0x7c340000 - 0x7c396000 	D:\myeclipse9\Common\binary\com.sun.java.jdk.win32.x86_1.6.0.013\jre\bin\msvcr71.dll
0x6d8b0000 - 0x6db06000 	D:\myeclipse9\Common\binary\com.sun.java.jdk.win32.x86_1.6.0.013\jre\bin\client\jvm.dll
0x75840000 - 0x75872000 	C:\Windows\system32\WINMM.dll
0x75460000 - 0x754ac000 	C:\Windows\system32\apphelp.dll
0x6d340000 - 0x6d348000 	D:\myeclipse9\Common\binary\com.sun.java.jdk.win32.x86_1.6.0.013\jre\bin\hpi.dll
0x75a10000 - 0x75a15000 	C:\Windows\system32\PSAPI.DLL
0x6d860000 - 0x6d86c000 	D:\myeclipse9\Common\binary\com.sun.java.jdk.win32.x86_1.6.0.013\jre\bin\verify.dll
0x6d3e0000 - 0x6d3ff000 	D:\myeclipse9\Common\binary\com.sun.java.jdk.win32.x86_1.6.0.013\jre\bin\java.dll
0x6d8a0000 - 0x6d8af000 	D:\myeclipse9\Common\binary\com.sun.java.jdk.win32.x86_1.6.0.013\jre\bin\zip.dll
0x6d0b0000 - 0x6d1fa000 	D:\myeclipse9\Common\binary\com.sun.java.jdk.win32.x86_1.6.0.013\jre\bin\awt.dll
0x70090000 - 0x700e1000 	C:\Windows\system32\WINSPOOL.DRV
0x75a20000 - 0x75b7c000 	C:\Windows\system32\ole32.dll
0x74410000 - 0x745ae000 	C:\Windows\WinSxS\x86_microsoft.windows.common-controls_6595b64144ccf1df_6.0.7601.18837_none_41e855142bd5705d\comctl32.dll
0x77860000 - 0x778b7000 	C:\Windows\system32\SHLWAPI.dll
0x73fd0000 - 0x73fe3000 	C:\Windows\system32\DWMAPI.DLL
0x76df0000 - 0x76e30000 	C:\Windows\system32\uxtheme.dll
0x6d2e0000 - 0x6d334000 	D:\myeclipse9\Common\binary\com.sun.java.jdk.win32.x86_1.6.0.013\jre\bin\fontmanager.dll
0x6d6c0000 - 0x6d6d3000 	D:\myeclipse9\Common\binary\com.sun.java.jdk.win32.x86_1.6.0.013\jre\bin\net.dll
0x75900000 - 0x75935000 	C:\Windows\system32\WS2_32.dll
0x76de0000 - 0x76de6000 	C:\Windows\system32\NSI.dll
0x74d10000 - 0x74d4c000 	C:\Windows\system32\mswsock.dll
0x74d00000 - 0x74d06000 	C:\Windows\System32\wship6.dll
0x6d6e0000 - 0x6d6e9000 	D:\myeclipse9\Common\binary\com.sun.java.jdk.win32.x86_1.6.0.013\jre\bin\nio.dll
0x10000000 - 0x10150000 	C:\Program files\KSafe\ksfmon.dll
0x6c090000 - 0x6c3a6000 	C:\Windows\system32\QQPINYIN.IME
0x75230000 - 0x7523d000 	C:\Windows\system32\WTSAPI32.dll
0x75e10000 - 0x76a5b000 	C:\Windows\system32\SHELL32.dll
0x76b30000 - 0x76bbf000 	C:\Windows\system32\OLEAUT32.dll
0x73890000 - 0x73895000 	C:\Windows\system32\MSIMG32.dll
0x75240000 - 0x75249000 	C:\Windows\system32\VERSION.dll
0x73d60000 - 0x73d71000 	C:\Windows\system32\NETAPI32.dll
0x73d50000 - 0x73d59000 	C:\Windows\system32\netutils.dll
0x753b0000 - 0x753c9000 	C:\Windows\system32\srvcli.dll
0x73d40000 - 0x73d4f000 	C:\Windows\system32\wkscli.dll
0x755a0000 - 0x755ab000 	C:\Windows\system32\profapi.dll
0x74990000 - 0x749b9000 	C:\Windows\system32\WINSTA.dll
0x754b0000 - 0x754bc000 	C:\Windows\system32\CRYPTBASE.dll
0x0fa10000 - 0x0fa1b000 	C:\Windows\system32\atiu9pag.dll
0x76cd0000 - 0x76d53000 	C:\Windows\system32\CLBCatQ.DLL
0x76d60000 - 0x76ddb000 	C:\Windows\system32\COMDLG32.DLL
0x774d0000 - 0x7766d000 	C:\Windows\system32\SETUPAPI.dll
0x755c0000 - 0x755e7000 	C:\Windows\system32\CFGMGR32.dll
0x755f0000 - 0x75602000 	C:\Windows\system32\DEVOBJ.dll
0x742f0000 - 0x743e5000 	C:\Windows\system32\propsys.dll
0x73ac0000 - 0x73ae1000 	C:\Windows\system32\ntmarta.dll
0x76e50000 - 0x76e95000 	C:\Windows\system32\WLDAP32.dll
0x64bb0000 - 0x64c08000 	C:\Program Files\Common Files\microsoft shared\ink\tiptsf.dll
0x73e60000 - 0x73f91000 	C:\Windows\system32\WindowsCodecs.dll
0x69fa0000 - 0x69fd1000 	C:\Windows\system32\EhStorShell.dll
0x69b40000 - 0x69f46000 	C:\PROGRA~1\MICROS~3\Office14\GROOVEEX.DLL
0x71050000 - 0x710f3000 	C:\Windows\WinSxS\x86_microsoft.vc90.crt_1fc8b3b9a1e18e3b_9.0.30729.6161_none_50934f2ebcb7eb57\MSVCR90.dll
0x69440000 - 0x694ce000 	C:\Windows\WinSxS\x86_microsoft.vc90.crt_1fc8b3b9a1e18e3b_9.0.30729.6161_none_50934f2ebcb7eb57\MSVCP90.dll
0x693c0000 - 0x693eb000 	C:\Windows\WinSxS\x86_microsoft.vc90.atl_1fc8b3b9a1e18e3b_9.0.30729.6161_none_51cd0a7abbe4e19b\ATL90.DLL
0x68700000 - 0x68b1a000 	C:\PROGRA~1\COMMON~1\MICROS~1\OFFICE14\Cultures\office.odf
0x67ef0000 - 0x68700000 	C:\PROGRA~1\MICROS~3\Office14\2052\GrooveIntlResource.dll
0x66db0000 - 0x66e1a000 	C:\Windows\System32\cscui.dll
0x66370000 - 0x66379000 	C:\Windows\System32\CSCDLL.dll
0x66320000 - 0x6632b000 	C:\Windows\system32\CSCAPI.dll
0x662b0000 - 0x66320000 	C:\Windows\system32\ntshrui.dll
0x73990000 - 0x7399a000 	C:\Windows\system32\slc.dll
0x74d50000 - 0x74d67000 	C:\Windows\system32\CRYPTSP.dll
0x74af0000 - 0x74b2b000 	C:\Windows\system32\rsaenh.dll
0x75520000 - 0x7552e000 	C:\Windows\system32\RpcRtRemote.dll
0x109b0000 - 0x10a0c000 	C:\Windows\System32\StructuredQuery.dll
0x75420000 - 0x75428000 	C:\Windows\System32\Secur32.dll
0x75440000 - 0x7545b000 	C:\Windows\system32\SSPICLI.DLL
0x653c0000 - 0x6540e000 	C:\Windows\system32\actxprxy.dll
0x5f8c0000 - 0x5f909000 	C:\Program Files\Internet Explorer\ieproxy.dll
0x75880000 - 0x75884000 	C:\Windows\system32\api-ms-win-downlevel-shlwapi-l1-1-0.dll
0x69370000 - 0x69374000 	C:\Windows\system32\api-ms-win-downlevel-shlwapi-l2-1-0.dll
0x758a0000 - 0x758a5000 	C:\Windows\system32\api-ms-win-downlevel-advapi32-l1-1-0.dll
0x66c30000 - 0x66c46000 	C:\Windows\system32\thumbcache.dll
0x65090000 - 0x650bf000 	C:\Windows\system32\SHDOCVW.dll
0x59bd0000 - 0x59c70000 	C:\Windows\system32\SearchFolder.dll
0x63a80000 - 0x646c8000 	C:\Windows\system32\ieframe.DLL
0x755b0000 - 0x755b4000 	C:\Windows\system32\api-ms-win-downlevel-user32-l1-1-0.dll
0x725d0000 - 0x725d4000 	C:\Windows\system32\api-ms-win-downlevel-shell32-l1-1-0.dll
0x75890000 - 0x75894000 	C:\Windows\system32\api-ms-win-downlevel-version-l1-1-0.dll
0x75790000 - 0x75793000 	C:\Windows\system32\api-ms-win-downlevel-normaliz-l1-1-0.dll
0x77820000 - 0x77823000 	C:\Windows\system32\normaliz.DLL
0x75bd0000 - 0x75e02000 	C:\Windows\system32\iertutil.dll
0x60c30000 - 0x60c82000 	C:\Windows\system32\PhotoMetadataHandler.dll
0x6d500000 - 0x6d524000 	D:\myeclipse9\Common\binary\com.sun.java.jdk.win32.x86_1.6.0.013\jre\bin\jpeg.dll
0x6d220000 - 0x6d24f000 	D:\myeclipse9\Common\binary\com.sun.java.jdk.win32.x86_1.6.0.013\jre\bin\cmm.dll

VM Arguments:
jvm_args: -Dfile.encoding=GBK 
java_command: xjtu.zerofang.epal.ShowFrame
Launcher Type: SUN_STANDARD

Environment Variables:
JAVA_HOME=D:\JDK
CLASSPATH=.;D:\JDK\jdk1.6\lib\dt.jar;D:\JDK\jdk1.6\lib\tools.jar
PATH=D:/myeclipse9/Common/binary/com.sun.java.jdk.win32.x86_1.6.0.013/jre/bin/client;D:/myeclipse9/Common/binary/com.sun.java.jdk.win32.x86_1.6.0.013/jre/bin;D:/myeclipse9/Common/binary/com.sun.java.jdk.win32.x86_1.6.0.013/jre/lib/i386;D:\oracle\product\11.2.0\dbhome_1\bin;D:\JDK\jdk1.6\bin;D:\JDK\jre1.6\bin;C:\Windows\system32;C:\Windows;C:\Windows\System32\Wbe;;C:\Program Files\Subversion\bin;C:\Qt\4.8.6\bin
USERNAME=Administrator
OS=Windows_NT
PROCESSOR_IDENTIFIER=x86 Family 20 Model 1 Stepping 0, AuthenticAMD



---------------  S Y S T E M  ---------------

OS: Windows NT 6.1 Build 7601 Service Pack 1

CPU:total 2 (2 cores per cpu, 1 threads per core) family 20 model 1 stepping 0, cmov, cx8, fxsr, mmx, sse, sse2, sse3, ssse3, mmxext, sse4a

Memory: 4k page, physical 2097151k(986048k free), swap 4194303k(3362100k free)

vm_info: Java HotSpot(TM) Client VM (11.3-b02) for windows-x86 JRE (1.6.0_13-b03), built on Mar  9 2009 01:15:24 by "java_re" with MS VC++ 7.1

time: Mon Dec 28 20:47:32 2015
elapsed time: 90 seconds

